INFO - 2024-01-25 05:40:28 --> Session: Class initialized using 'CodeIgniter\Session\Handlers\FileHandler' driver.
CRITICAL - 2024-01-25 06:17:57 --> Undefined variable $news
in APPPATH\Views\news\view_news.php on line 36.
 1 APPPATH\Views\news\view_news.php(36): CodeIgniter\Debug\Exceptions->errorHandler(2, 'Undefined variable $news', 'C:\\xampp\\htdocs\\naadbramha.localhost\\app\\Views\\news\\view_news.php', 36)
 2 SYSTEMPATH\View\View.php(228): include('C:\\xampp\\htdocs\\naadbramha.localhost\\app\\Views\\news\\view_news.php')
 3 SYSTEMPATH\View\View.php(231): CodeIgniter\View\View->CodeIgniter\View\{closure}()
 4 SYSTEMPATH\Common.php(1190): CodeIgniter\View\View->render('news/view_news', [], true)
 5 APPPATH\Controllers\Admin.php(109): view('news/view_news')
 6 SYSTEMPATH\CodeIgniter.php(942): App\Controllers\Admin->view()
 7 SYSTEMPATH\CodeIgniter.php(502): CodeIgniter\CodeIgniter->runController(Object(App\Controllers\Admin))
 8 SYSTEMPATH\CodeIgniter.php(361): CodeIgniter\CodeIgniter->handleRequest(null, Object(Config\Cache), false)
 9 FCPATH\index.php(79): CodeIgniter\CodeIgniter->run()
CRITICAL - 2024-01-25 06:19:39 --> Undefined variable $id
in APPPATH\Controllers\Admin.php on line 110.
 1 APPPATH\Controllers\Admin.php(110): CodeIgniter\Debug\Exceptions->errorHandler(2, 'Undefined variable $id', 'C:\\xampp\\htdocs\\naadbramha.localhost\\app\\Controllers\\Admin.php', 110)
 2 SYSTEMPATH\CodeIgniter.php(942): App\Controllers\Admin->view()
 3 SYSTEMPATH\CodeIgniter.php(502): CodeIgniter\CodeIgniter->runController(Object(App\Controllers\Admin))
 4 SYSTEMPATH\CodeIgniter.php(361): CodeIgniter\CodeIgniter->handleRequest(null, Object(Config\Cache), false)
 5 FCPATH\index.php(79): CodeIgniter\CodeIgniter->run()
CRITICAL - 2024-01-25 06:20:03 --> Undefined variable $id
in APPPATH\Controllers\Admin.php on line 110.
 1 APPPATH\Controllers\Admin.php(110): CodeIgniter\Debug\Exceptions->errorHandler(2, 'Undefined variable $id', 'C:\\xampp\\htdocs\\naadbramha.localhost\\app\\Controllers\\Admin.php', 110)
 2 SYSTEMPATH\CodeIgniter.php(942): App\Controllers\Admin->view()
 3 SYSTEMPATH\CodeIgniter.php(502): CodeIgniter\CodeIgniter->runController(Object(App\Controllers\Admin))
 4 SYSTEMPATH\CodeIgniter.php(361): CodeIgniter\CodeIgniter->handleRequest(null, Object(Config\Cache), false)
 5 FCPATH\index.php(79): CodeIgniter\CodeIgniter->run()
CRITICAL - 2024-01-25 06:21:03 --> Too few arguments to function App\Controllers\Admin::view(), 0 passed in C:\xampp\htdocs\naadbramha.localhost\system\CodeIgniter.php on line 942 and exactly 1 expected
in APPPATH\Controllers\Admin.php on line 107.
 1 SYSTEMPATH\CodeIgniter.php(942): App\Controllers\Admin->view()
 2 SYSTEMPATH\CodeIgniter.php(502): CodeIgniter\CodeIgniter->runController(Object(App\Controllers\Admin))
 3 SYSTEMPATH\CodeIgniter.php(361): CodeIgniter\CodeIgniter->handleRequest(null, Object(Config\Cache), false)
 4 FCPATH\index.php(79): CodeIgniter\CodeIgniter->run()
CRITICAL - 2024-01-25 06:21:36 --> Too few arguments to function App\Controllers\Admin::view(), 0 passed in C:\xampp\htdocs\naadbramha.localhost\system\CodeIgniter.php on line 942 and exactly 1 expected
in APPPATH\Controllers\Admin.php on line 107.
 1 SYSTEMPATH\CodeIgniter.php(942): App\Controllers\Admin->view()
 2 SYSTEMPATH\CodeIgniter.php(502): CodeIgniter\CodeIgniter->runController(Object(App\Controllers\Admin))
 3 SYSTEMPATH\CodeIgniter.php(361): CodeIgniter\CodeIgniter->handleRequest(null, Object(Config\Cache), false)
 4 FCPATH\index.php(79): CodeIgniter\CodeIgniter->run()
CRITICAL - 2024-01-25 06:21:37 --> Too few arguments to function App\Controllers\Admin::view(), 0 passed in C:\xampp\htdocs\naadbramha.localhost\system\CodeIgniter.php on line 942 and exactly 1 expected
in APPPATH\Controllers\Admin.php on line 107.
 1 SYSTEMPATH\CodeIgniter.php(942): App\Controllers\Admin->view()
 2 SYSTEMPATH\CodeIgniter.php(502): CodeIgniter\CodeIgniter->runController(Object(App\Controllers\Admin))
 3 SYSTEMPATH\CodeIgniter.php(361): CodeIgniter\CodeIgniter->handleRequest(null, Object(Config\Cache), false)
 4 FCPATH\index.php(79): CodeIgniter\CodeIgniter->run()
CRITICAL - 2024-01-25 06:41:47 --> Too few arguments to function App\Controllers\Admin::viewnews(), 0 passed in C:\xampp\htdocs\naadbramha.localhost\system\CodeIgniter.php on line 942 and exactly 1 expected
in APPPATH\Controllers\Admin.php on line 107.
 1 SYSTEMPATH\CodeIgniter.php(942): App\Controllers\Admin->viewnews()
 2 SYSTEMPATH\CodeIgniter.php(502): CodeIgniter\CodeIgniter->runController(Object(App\Controllers\Admin))
 3 SYSTEMPATH\CodeIgniter.php(361): CodeIgniter\CodeIgniter->handleRequest(null, Object(Config\Cache), false)
 4 FCPATH\index.php(79): CodeIgniter\CodeIgniter->run()
CRITICAL - 2024-01-25 06:42:09 --> Too few arguments to function App\Controllers\Admin::viewnews(), 0 passed in C:\xampp\htdocs\naadbramha.localhost\system\CodeIgniter.php on line 942 and exactly 1 expected
in APPPATH\Controllers\Admin.php on line 107.
 1 SYSTEMPATH\CodeIgniter.php(942): App\Controllers\Admin->viewnews()
 2 SYSTEMPATH\CodeIgniter.php(502): CodeIgniter\CodeIgniter->runController(Object(App\Controllers\Admin))
 3 SYSTEMPATH\CodeIgniter.php(361): CodeIgniter\CodeIgniter->handleRequest(null, Object(Config\Cache), false)
 4 FCPATH\index.php(79): CodeIgniter\CodeIgniter->run()
CRITICAL - 2024-01-25 06:44:47 --> Trying to access array offset on value of type null
in APPPATH\Views\news\view_news.php on line 36.
 1 APPPATH\Views\news\view_news.php(36): CodeIgniter\Debug\Exceptions->errorHandler(2, 'Trying to access array offset on value of type null', 'C:\\xampp\\htdocs\\naadbramha.localhost\\app\\Views\\news\\view_news.php', 36)
 2 SYSTEMPATH\View\View.php(228): include('C:\\xampp\\htdocs\\naadbramha.localhost\\app\\Views\\news\\view_news.php')
 3 SYSTEMPATH\View\View.php(231): CodeIgniter\View\View->CodeIgniter\View\{closure}()
 4 SYSTEMPATH\Common.php(1190): CodeIgniter\View\View->render('news/view_news', [], true)
 5 APPPATH\Controllers\Admin.php(112): view('news/view_news', [...])
 6 SYSTEMPATH\CodeIgniter.php(942): App\Controllers\Admin->viewnews('$1')
 7 SYSTEMPATH\CodeIgniter.php(502): CodeIgniter\CodeIgniter->runController(Object(App\Controllers\Admin))
 8 SYSTEMPATH\CodeIgniter.php(361): CodeIgniter\CodeIgniter->handleRequest(null, Object(Config\Cache), false)
 9 FCPATH\index.php(79): CodeIgniter\CodeIgniter->run()
INFO - 2024-01-25 06:58:58 --> Session: Class initialized using 'CodeIgniter\Session\Handlers\FileHandler' driver.
INFO - 2024-01-25 06:59:05 --> Session: Class initialized using 'CodeIgniter\Session\Handlers\FileHandler' driver.
INFO - 2024-01-25 06:59:16 --> Session: Class initialized using 'CodeIgniter\Session\Handlers\FileHandler' driver.
INFO - 2024-01-25 06:59:31 --> Session: Class initialized using 'CodeIgniter\Session\Handlers\FileHandler' driver.
INFO - 2024-01-25 06:59:51 --> Session: Class initialized using 'CodeIgniter\Session\Handlers\FileHandler' driver.
CRITICAL - 2024-01-25 07:01:15 --> Invalid file: "news/edit_news.php"
in SYSTEMPATH\Exceptions\FrameworkException.php on line 39.
 1 SYSTEMPATH\View\View.php(216): CodeIgniter\Exceptions\FrameworkException::forInvalidFile('news/edit_news.php')
 2 SYSTEMPATH\Common.php(1190): CodeIgniter\View\View->render('news/edit_news', [], true)
 3 APPPATH\Controllers\Admin.php(133): view('news/edit_news', [...])
 4 SYSTEMPATH\CodeIgniter.php(942): App\Controllers\Admin->editNews('7')
 5 SYSTEMPATH\CodeIgniter.php(502): CodeIgniter\CodeIgniter->runController(Object(App\Controllers\Admin))
 6 SYSTEMPATH\CodeIgniter.php(361): CodeIgniter\CodeIgniter->handleRequest(null, Object(Config\Cache), false)
 7 FCPATH\index.php(79): CodeIgniter\CodeIgniter->run()
INFO - 2024-01-25 07:05:03 --> Session: Class initialized using 'CodeIgniter\Session\Handlers\FileHandler' driver.
CRITICAL - 2024-01-25 09:20:19 --> Invalid file: "news/add_news.php"
in SYSTEMPATH\Exceptions\FrameworkException.php on line 39.
 1 SYSTEMPATH\View\View.php(216): CodeIgniter\Exceptions\FrameworkException::forInvalidFile('news/add_news.php')
 2 SYSTEMPATH\Common.php(1190): CodeIgniter\View\View->render('news/add_news', [], true)
 3 APPPATH\Controllers\Admin.php(133): view('news/add_news', [...])
 4 SYSTEMPATH\CodeIgniter.php(942): App\Controllers\Admin->editNews('4')
 5 SYSTEMPATH\CodeIgniter.php(502): CodeIgniter\CodeIgniter->runController(Object(App\Controllers\Admin))
 6 SYSTEMPATH\CodeIgniter.php(361): CodeIgniter\CodeIgniter->handleRequest(null, Object(Config\Cache), false)
 7 FCPATH\index.php(79): CodeIgniter\CodeIgniter->run()
INFO - 2024-01-25 09:39:56 --> Session: Class initialized using 'CodeIgniter\Session\Handlers\FileHandler' driver.
INFO - 2024-01-25 09:39:59 --> Session: Class initialized using 'CodeIgniter\Session\Handlers\FileHandler' driver.
INFO - 2024-01-25 09:40:02 --> Session: Class initialized using 'CodeIgniter\Session\Handlers\FileHandler' driver.
INFO - 2024-01-25 10:38:10 --> Session: Class initialized using 'CodeIgniter\Session\Handlers\FileHandler' driver.
INFO - 2024-01-25 10:38:14 --> Session: Class initialized using 'CodeIgniter\Session\Handlers\FileHandler' driver.
INFO - 2024-01-25 10:38:16 --> Session: Class initialized using 'CodeIgniter\Session\Handlers\FileHandler' driver.
CRITICAL - 2024-01-25 10:59:38 --> syntax error, unexpected token "."
in APPPATH\Views\news\view_news.php on line 24.
 1 SYSTEMPATH\View\View.php(231): CodeIgniter\View\View->CodeIgniter\View\{closure}()
 2 SYSTEMPATH\Common.php(1190): CodeIgniter\View\View->render('news/view_news', [], true)
 3 APPPATH\Controllers\Admin.php(113): view('news/view_news', [...])
 4 SYSTEMPATH\CodeIgniter.php(942): App\Controllers\Admin->viewnews('8')
 5 SYSTEMPATH\CodeIgniter.php(502): CodeIgniter\CodeIgniter->runController(Object(App\Controllers\Admin))
 6 SYSTEMPATH\CodeIgniter.php(361): CodeIgniter\CodeIgniter->handleRequest(null, Object(Config\Cache), false)
 7 FCPATH\index.php(79): CodeIgniter\CodeIgniter->run()
INFO - 2024-01-25 11:07:16 --> Session: Class initialized using 'CodeIgniter\Session\Handlers\FileHandler' driver.
INFO - 2024-01-25 11:13:10 --> Session: Class initialized using 'CodeIgniter\Session\Handlers\FileHandler' driver.
INFO - 2024-01-25 11:16:49 --> Session: Class initialized using 'CodeIgniter\Session\Handlers\FileHandler' driver.
INFO - 2024-01-25 11:18:26 --> Session: Class initialized using 'CodeIgniter\Session\Handlers\FileHandler' driver.
INFO - 2024-01-25 11:21:17 --> Session: Class initialized using 'CodeIgniter\Session\Handlers\FileHandler' driver.
INFO - 2024-01-25 11:21:20 --> Session: Class initialized using 'CodeIgniter\Session\Handlers\FileHandler' driver.
INFO - 2024-01-25 11:21:51 --> Session: Class initialized using 'CodeIgniter\Session\Handlers\FileHandler' driver.
INFO - 2024-01-25 11:22:07 --> Session: Class initialized using 'CodeIgniter\Session\Handlers\FileHandler' driver.
INFO - 2024-01-25 11:22:33 --> Session: Class initialized using 'CodeIgniter\Session\Handlers\FileHandler' driver.
